2025-08-06 21:54:42,373 - INFO - Loading dataset...
2025-08-06 21:54:42,415 - INFO - Dataset: 4 channels, 750 samples, 2 classes
2025-08-06 21:54:42,415 - INFO - Extracting features...
2025-08-06 21:54:42,973 - INFO -   Time-domain shape: (210, 4, 750)
2025-08-06 21:54:43,112 - INFO -   Frequency-domain shape: (210, 4, 3)
2025-08-06 21:54:43,150 - INFO -   Time-frequency image shape: (210, 1, 126, 5)
2025-08-06 21:54:43,164 - INFO - Using device: cuda
2025-08-06 21:54:43,462 - INFO - Total parameters: 11,270,210
2025-08-06 21:54:43,463 - INFO - Starting training...
2025-08-06 21:54:44,062 - INFO - Epoch [  1/50] | Train Loss: 0.6296 | Train Acc: 61.90% | Val Loss: 0.5006 | Val Acc: 100.00%
2025-08-06 21:54:44,254 - INFO -   -> Saved best model (Val Acc: 100.00%)
2025-08-06 21:54:44,491 - INFO - Epoch [  2/50] | Train Loss: 0.4639 | Train Acc: 77.62% | Val Loss: 0.2974 | Val Acc: 100.00%
2025-08-06 21:54:44,717 - INFO - Epoch [  3/50] | Train Loss: 0.1954 | Train Acc: 98.10% | Val Loss: 0.1962 | Val Acc: 93.33%
2025-08-06 21:54:44,929 - INFO - Epoch [  4/50] | Train Loss: 0.0667 | Train Acc: 99.52% | Val Loss: 0.2099 | Val Acc: 88.89%
2025-08-06 21:54:45,152 - INFO - Epoch [  5/50] | Train Loss: 0.0399 | Train Acc: 100.00% | Val Loss: 0.0406 | Val Acc: 100.00%
2025-08-06 21:54:45,362 - INFO - Epoch [  6/50] | Train Loss: 0.0129 | Train Acc: 100.00% | Val Loss: 0.0432 | Val Acc: 97.78%
2025-08-06 21:54:45,557 - INFO - Epoch [  7/50] | Train Loss: 0.0057 | Train Acc: 100.00% | Val Loss: 0.0358 | Val Acc: 100.00%
2025-08-06 21:54:45,762 - INFO - Epoch [  8/50] | Train Loss: 0.0037 | Train Acc: 100.00% | Val Loss: 0.0363 | Val Acc: 100.00%
2025-08-06 21:54:45,965 - INFO - Epoch [  9/50] | Train Loss: 0.0017 | Train Acc: 100.00% | Val Loss: 0.0376 | Val Acc: 97.78%
2025-08-06 21:54:46,176 - INFO - Epoch [ 10/50] | Train Loss: 0.0016 | Train Acc: 100.00% | Val Loss: 0.0279 | Val Acc: 100.00%
2025-08-06 21:54:46,382 - INFO - Epoch [ 11/50] | Train Loss: 0.0013 | Train Acc: 100.00% | Val Loss: 0.0288 | Val Acc: 100.00%
2025-08-06 21:54:46,382 - INFO - Early stopping at epoch 11
2025-08-06 21:54:46,382 - INFO - Evaluating on test set...
2025-08-06 21:54:46,442 - INFO - Test Accuracy: 100.00%
2025-08-06 21:54:46,466 - INFO - 
Classification Report:
              precision    recall  f1-score   support

    Baseline     1.0000    1.0000    1.0000        25
     Chewing     1.0000    1.0000    1.0000        20

    accuracy                         1.0000        45
   macro avg     1.0000    1.0000    1.0000        45
weighted avg     1.0000    1.0000    1.0000        45

2025-08-06 21:54:46,466 - INFO - Training completed!
